<?xml version="1.0" encoding="UTF-8"?>
<testsuite xmlns:xsi="http://www.w3.org/2001/XMLSchema-instance" xsi:noNamespaceSchemaLocation="https://maven.apache.org/surefire/maven-surefire-plugin/xsd/surefire-test-report.xsd" version="3.0.2" name="ch.supsi.editor2d.repository.PreferencesPropertiesRepositoryTest" time="0.014" tests="5" errors="0" skipped="0" failures="0">
  <properties>
[...]
</properties>
  <testcase name="testSetPreferences" classname="ch.supsi.editor2d.repository.PreferencesPropertiesRepositoryTest" time="0.012"/>
  <testcase name="testCreateUserPreferencesDirectory" classname="ch.supsi.editor2d.repository.PreferencesPropertiesRepositoryTest" time="0.001"/>
  <testcase name="testCreateUserPreferencesFile" classname="ch.supsi.editor2d.repository.PreferencesPropertiesRepositoryTest" time="0.0"/>
  <testcase name="testGetPreferences" classname="ch.supsi.editor2d.repository.PreferencesPropertiesRepositoryTest" time="0.0"/>
  <testcase name="testGetInstance" classname="ch.supsi.editor2d.repository.PreferencesPropertiesRepositoryTest" time="0.0"/>
</testsuite>